#
# A fatal error has been detected by the Java Runtime Environment:
#
#  EXCEPTION_ACCESS_VIOLATION (0xc0000005) at pc=0x00007ffe48fc3807, pid=14588, tid=5028
#
# JRE version: OpenJDK Runtime Environment (17.0.2+8) (build 17.0.2+8-86)
# Java VM: OpenJDK 64-Bit Server VM (17.0.2+8-86, mixed mode, sharing, tiered, compressed oops, compressed class ptrs, g1 gc, windows-amd64)
# Problematic frame:
# V  [jvm.dll+0x303807]
#
# No core dump will be written. Minidumps are not enabled by default on client versions of Windows
#
# If you would like to submit a bug report, please visit:
#   https://bugreport.java.com/bugreport/crash.jsp
#

---------------  S U M M A R Y ------------

Command Line: -javaagent:C:\Program Files\JetBrains\IntelliJ IDEA Community Edition 2024.1\lib\idea_rt.jar=63946:C:\Program Files\JetBrains\IntelliJ IDEA Community Edition 2024.1\bin -Dfile.encoding=UTF-8 mx.unam.banunam.BanunamApplication

Host: Intel(R) Core(TM) i5-4460  CPU @ 3.20GHz, 4 cores, 15G,  Windows 10 , 64 bit Build 19041 (10.0.19041.5072)
Time: Mon Dec  9 17:31:29 2024 Hora estándar central (México) elapsed time: 3.090650 seconds (0d 0h 0m 3s)

---------------  T H R E A D  ---------------

Current thread (0x0000025af62be7b0):  GCTaskThread "GC Thread#0" [stack: 0x00000062f6e00000,0x00000062f6f00000] [id=5028]

Stack: [0x00000062f6e00000,0x00000062f6f00000],  sp=0x00000062f6eff7f0,  free space=1021k
Native frames: (J=compiled Java code, j=interpreted, Vv=VM code, C=native code)
V  [jvm.dll+0x303807]
V  [jvm.dll+0x30056e]
V  [jvm.dll+0x3131bf]
V  [jvm.dll+0x1f28b4]
V  [jvm.dll+0x3004eb]
V  [jvm.dll+0x1f5118]
V  [jvm.dll+0x314040]
V  [jvm.dll+0x313e85]
V  [jvm.dll+0x2db494]
V  [jvm.dll+0x2dceeb]
V  [jvm.dll+0x7fd27b]
V  [jvm.dll+0x7fd2c6]
V  [jvm.dll+0x77ff7a]
V  [jvm.dll+0x66fa35]
C  [ucrtbase.dll+0x21bb2]
C  [KERNEL32.DLL+0x17374]
C  [ntdll.dll+0x4cc91]


siginfo: EXCEPTION_ACCESS_VIOLATION (0xc0000005), reading address 0x0000000001000000


Register to memory mapping:

RIP=0x00007ffe48fc3807 jvm.dll
RAX=0x0 is NULL
RBX=0x00000007037b8ea1 is pointing into object: java.lang.reflect.Constructor 
{0x00000007037b8e68} - klass: 'java/lang/reflect/Constructor'
 - ---- fields (total size 9 words):
 - 'override' 'Z' @12  false
 - volatile 'accessCheckCache' 'Ljava/lang/Object;' @16  NULL (0)
 - private volatile transient 'hasRealParameterData' 'Z' @13  false
 - private volatile transient 'parameters' '[Ljava/lang/reflect/Parameter;' @20  NULL (0)
 - private volatile transient 'declaredAnnotations' 'Ljava/util/Map;' @24  NULL (0)
 - private 'slot' 'I' @28  0
 - private 'modifiers' 'I' @32  1
 - private 'clazz' 'Ljava/lang/Class;' @36  a 'java/lang/Class'{0x00000007037b89f0} = 'org/apache/catalina/util/CharsetMapper' (e06f713e)
 - private 'parameterTypes' '[Ljava/lang/Class;' @40  a 'java/lang/Class'[0] {0x00000007037b8eb0} (e06f71d6)
 - private 'exceptionTypes' '[Ljava/lang/Class;' @44  a 'java/lang/Class'[0] {0x0000000701b114c8} (e0362299)
 - private transient 'signature' 'Ljava/lang/String;' @48  NULL (0)
 - private transient 'genericInfo' 'Lsun/reflect/generics/repository/ConstructorRepository;' @52  NULL (0)
 - private 'annotations' '[B' @56  
[error occurred during error reporting (printing register info), id 0xc0000005, EXCEPTION_ACCESS_VIOLATION (0xc0000005) at pc=0x00007ffe4904cabe]

Registers:
RAX=0x0000000000000000, RBX=0x00000007037b8ea1, RCX=0x0000000000000015, RDX=0x0000000000000000
RSP=0x00000062f6eff7f0, RBP=0x0000000000000b9d, RSI=0x00000007037b8ea0, RDI=0x0000025a9e167bd0
R8 =0x00000007037b8eb0, R9 =0x0000000000000010, R10=0x0000000001000000, R11=0x0000000000000001
R12=0x0000025af849d098, R13=0x00000000000003d8, R14=0x0000000000000040, R15=0x0000000000000000
RIP=0x00007ffe48fc3807, EFLAGS=0x0000000000010246

Top of Stack: (sp=0x00000062f6eff7f0)
0x00000062f6eff7f0:   0000000000000000 0000000000000001
0x00000062f6eff800:   0000000000000008 0000000000000001
0x00000062f6eff810:   0000025a9e056140 0000025a9e056178
0x00000062f6eff820:   0000025a9ec99a98 0000025a9ec99a60
0x00000062f6eff830:   0000000000000020 00007ffe48fc056e
0x00000062f6eff840:   0000000000000010 0000025a9e167bd0
0x00000062f6eff850:   0000025a9e056178 00000000000003d8
0x00000062f6eff860:   0000000001d651a0 0000000248dcec42
0x00000062f6eff870:   0000025a9ec99a60 0000000000000020
0x00000062f6eff880:   0000025a9e056178 00007ffe48fd31bf
0x00000062f6eff890:   0000000000000000 00007ffe49440001
0x00000062f6eff8a0:   0000000000000008 0000001de0440a01
0x00000062f6eff8b0:   0000025a9ec99a98 00007ffe48eb28b4
0x00000062f6eff8c0:   0000000000000007 0000025a9e0561d8
0x00000062f6eff8d0:   0000025a9ebbb350 0000025a9e056178
0x00000062f6eff8e0:   00000062f73fe8a0 00007ffe48fc04eb 

Instructions: (pc=0x00007ffe48fc3807)
0x00007ffe48fc3707:   fd ff ff 48 8d 53 fe 48 8b cf e8 6a f4 ff ff e9
0x00007ffe48fc3717:   35 fd ff ff 0f 1f 44 00 00 48 8b 77 10 8b ae 80
0x00007ffe48fc3727:   00 00 00 8b cd 8b 86 00 01 00 00 2b c8 81 e1 ff
0x00007ffe48fc3737:   ff 01 00 41 3b ce 0f 86 e7 02 00 00 ff cd 81 e5
0x00007ffe48fc3747:   ff ff 01 00 89 ae 80 00 00 00 e8 3a e7 35 00 8b
0x00007ffe48fc3757:   86 00 01 00 00 8b cd 48 8b 9e 80 01 00 00 2b c8
0x00007ffe48fc3767:   81 e1 ff ff 01 00 8b d5 81 f9 ff ff 01 00 48 8b
0x00007ffe48fc3777:   1c eb 41 0f 44 cf 85 c9 75 3c 48 8b 86 00 01 00
0x00007ffe48fc3787:   00 48 8b c8 89 6c 24 50 48 c1 e9 20 ff c1 89 4c
0x00007ffe48fc3797:   24 54 3b e8 0f 85 77 02 00 00 48 c1 e1 20 48 0b
0x00007ffe48fc37a7:   ca f0 48 0f b1 8e 00 01 00 00 0f 85 61 02 00 00
0x00007ffe48fc37b7:   8b 86 00 01 00 00 f6 c3 01 0f 84 2f 01 00 00 8b
0x00007ffe48fc37c7:   0d dc fa 77 00 48 8d 73 ff 48 8b 47 08 44 8b 16
0x00007ffe48fc37d7:   49 d3 e2 4c 03 15 bf fa 77 00 8b 88 90 05 00 00
0x00007ffe48fc37e7:   49 8b d2 48 8b 80 80 05 00 00 48 d3 ea 0f b7 14
0x00007ffe48fc37f7:   50 0f b7 c2 66 c1 e8 08 84 c0 0f 88 19 ff ff ff
0x00007ffe48fc3807:   4d 8b 02 41 0f b6 c0 24 03 3c 03 75 1e 44 38 3d
0x00007ffe48fc3817:   19 72 7e 00 74 0f 41 0f b6 c0 24 07 3c 05 75 05
0x00007ffe48fc3827:   4d 8b c7 eb 17 49 83 e0 fc eb 11 4d 8b c8 48 8b
0x00007ffe48fc3837:   cf 4d 8b c2 e8 a0 ee ff ff 4c 8b c0 8b 0d 5f fa
0x00007ffe48fc3847:   77 00 49 8b d0 48 2b 15 4d fa 77 00 48 d3 ea 89
0x00007ffe48fc3857:   16 49 8b d0 8b 0d 2f 7b 7e 00 48 33 d6 48 d3 ea
0x00007ffe48fc3867:   48 85 d2 0f 84 b0 fe ff ff 48 8b 47 08 48 8b d6
0x00007ffe48fc3877:   8b 88 c0 01 00 00 48 8b 80 b0 01 00 00 48 d3 ea
0x00007ffe48fc3887:   48 8b 0c d0 8b 81 94 00 00 00 d1 e8 a8 01 0f 85
0x00007ffe48fc3897:   85 fe ff ff 48 8b 47 08 8b 88 90 05 00 00 48 8b
0x00007ffe48fc38a7:   80 80 05 00 00 49 d3 e8 46 38 3c 40 0f 84 67 fe
0x00007ffe48fc38b7:   ff ff 48 8b 47 60 48 c1 ee 09 48 8b 58 40 48 8b
0x00007ffe48fc38c7:   48 38 48 03 de 48 2b d9 48 39 9f b0 01 00 00 0f
0x00007ffe48fc38d7:   84 44 fe ff ff 48 8d 14 0b 48 8d 4f 18 e8 a7 40
0x00007ffe48fc38e7:   00 00 48 89 9f b0 01 00 00 e9 2b fe ff ff f6 c3
0x00007ffe48fc38f7:   03 0f 85 09 01 00 00 48 8b 47 08 4c 8b 13 49 8b 


Stack slot to memory mapping:
stack at sp + 0 slots: 0x0 is NULL
stack at sp + 1 slots: 0x0000000000000001 is an unknown value
stack at sp + 2 slots: 0x0000000000000008 is an unknown value
stack at sp + 3 slots: 0x0000000000000001 is an unknown value
stack at sp + 4 slots: 0x0000025a9e056140 points into unknown readable memory: 0x00007ffe495b6fe0 | e0 6f 5b 49 fe 7f 00 00
stack at sp + 5 slots: 0x0000025a9e056178 points into unknown readable memory: 0x00007ffe495b6fb0 | b0 6f 5b 49 fe 7f 00 00
stack at sp + 6 slots: 0x0000025a9ec99a98 points into unknown readable memory: 0x00000007037b8b00 | 00 8b 7b 03 07 00 00 00
stack at sp + 7 slots: 0x0000025a9ec99a60 points into unknown readable memory: 0x00000007037b88c0 | c0 88 7b 03 07 00 00 00


---------------  P R O C E S S  ---------------

Threads class SMR info:
_java_thread_list=0x0000025a9ead2c50, length=19, elements={
0x0000025af848a100, 0x0000025a9a90b830, 0x0000025a9a90e6b0, 0x0000025a9a924100,
0x0000025a9a924ab0, 0x0000025a9a925870, 0x0000025a9a926220, 0x0000025a9a926fb0,
0x0000025a9a92af50, 0x0000025a9a92e150, 0x0000025a9b4f0200, 0x0000025a9b6417b0,
0x0000025a9b6a4860, 0x0000025a9b68e160, 0x0000025a9c197c30, 0x0000025a9c198100,
0x0000025a9c197760, 0x0000025a9c194c10, 0x0000025a9c1955b0
}

Java Threads: ( => current thread )
  0x0000025af848a100 JavaThread "main" [_thread_blocked, id=2492, stack(0x00000062f6d00000,0x00000062f6e00000)]
  0x0000025a9a90b830 JavaThread "Reference Handler" daemon [_thread_blocked, id=7440, stack(0x00000062f7400000,0x00000062f7500000)]
  0x0000025a9a90e6b0 JavaThread "Finalizer" daemon [_thread_blocked, id=16024, stack(0x00000062f7500000,0x00000062f7600000)]
  0x0000025a9a924100 JavaThread "Signal Dispatcher" daemon [_thread_blocked, id=19496, stack(0x00000062f7600000,0x00000062f7700000)]
  0x0000025a9a924ab0 JavaThread "Attach Listener" daemon [_thread_blocked, id=16284, stack(0x00000062f7700000,0x00000062f7800000)]
  0x0000025a9a925870 JavaThread "Service Thread" daemon [_thread_blocked, id=12744, stack(0x00000062f7800000,0x00000062f7900000)]
  0x0000025a9a926220 JavaThread "Monitor Deflation Thread" daemon [_thread_blocked, id=18708, stack(0x00000062f7900000,0x00000062f7a00000)]
  0x0000025a9a926fb0 JavaThread "C2 CompilerThread0" daemon [_thread_blocked, id=2112, stack(0x00000062f7a00000,0x00000062f7b00000)]
  0x0000025a9a92af50 JavaThread "C1 CompilerThread0" daemon [_thread_blocked, id=6476, stack(0x00000062f7b00000,0x00000062f7c00000)]
  0x0000025a9a92e150 JavaThread "Sweeper thread" daemon [_thread_blocked, id=15624, stack(0x00000062f7c00000,0x00000062f7d00000)]
  0x0000025a9b4f0200 JavaThread "Common-Cleaner" daemon [_thread_blocked, id=15456, stack(0x00000062f7d00000,0x00000062f7e00000)]
  0x0000025a9b6417b0 JavaThread "C2 CompilerThread1" daemon [_thread_blocked, id=6716, stack(0x00000062f7e00000,0x00000062f7f00000)]
  0x0000025a9b6a4860 JavaThread "Monitor Ctrl-Break" daemon [_thread_in_native, id=12056, stack(0x00000062f7f00000,0x00000062f8000000)]
  0x0000025a9b68e160 JavaThread "Notification Thread" daemon [_thread_blocked, id=5716, stack(0x00000062f8000000,0x00000062f8100000)]
  0x0000025a9c197c30 JavaThread "Thread-0" [_thread_blocked, id=7724, stack(0x00000062f8500000,0x00000062f8600000)]
  0x0000025a9c198100 JavaThread "restartedMain" [_thread_blocked, id=5612, stack(0x00000062f8600000,0x00000062f8700000)]
  0x0000025a9c197760 JavaThread "Catalina-utility-1" [_thread_blocked, id=7428, stack(0x00000062f8700000,0x00000062f8800000)]
  0x0000025a9c194c10 JavaThread "Catalina-utility-2" [_thread_blocked, id=16768, stack(0x00000062f8800000,0x00000062f8900000)]
  0x0000025a9c1955b0 JavaThread "container-0" [_thread_blocked, id=15920, stack(0x00000062f8900000,0x00000062f8a00000)]

Other Threads:
  0x0000025a9a902f80 VMThread "VM Thread" [stack: 0x00000062f7300000,0x00000062f7400000] [id=20884]
  0x0000025af84ecf90 WatcherThread [stack: 0x00000062f8100000,0x00000062f8200000] [id=15308]
=>0x0000025af62be7b0 GCTaskThread "GC Thread#0" [stack: 0x00000062f6e00000,0x00000062f6f00000] [id=5028]
  0x0000025a9bc0aec0 GCTaskThread "GC Thread#1" [stack: 0x00000062f8200000,0x00000062f8300000] [id=12300]
  0x0000025a9bc0b170 GCTaskThread "GC Thread#2" [stack: 0x00000062f8300000,0x00000062f8400000] [id=3184]
  0x0000025a9bc6dfb0 GCTaskThread "GC Thread#3" [stack: 0x00000062f8400000,0x00000062f8500000] [id=11260]
  0x0000025af84e5f80 ConcurrentGCThread "G1 Main Marker" [stack: 0x00000062f6f00000,0x00000062f7000000] [id=15504]
  0x0000025af84e67a0 ConcurrentGCThread "G1 Conc#0" [stack: 0x00000062f7000000,0x00000062f7100000] [id=12256]
  0x0000025a9a7c20c0 ConcurrentGCThread "G1 Refine#0" [stack: 0x00000062f7100000,0x00000062f7200000] [id=10148]
  0x0000025a9a7c2ae0 ConcurrentGCThread "G1 Service" [stack: 0x00000062f7200000,0x00000062f7300000] [id=9576]

Threads with active compile tasks:
C2 CompilerThread0     3127 4057       4       java.util.HashSet::iterator (13 bytes)
C1 CompilerThread0     3127 4068       3       org.springframework.boot.context.properties.source.ConfigurationPropertyName::convertElement (87 bytes)
C2 CompilerThread1     3127 4011       4       org.springframework.core.annotation.AnnotationsScanner::getDeclaredAnnotations (166 bytes)

VM state: at safepoint (normal execution)

VM Mutex/Monitor currently owned by a thread:  ([mutex/lock_event])
[0x0000025af84842e0] Threads_lock - owner thread: 0x0000025a9a902f80
[0x0000025af84847f0] Heap_lock - owner thread: 0x0000025a9c198100

Heap address: 0x0000000701600000, size: 4074 MB, Compressed Oops mode: Zero based, Oop shift amount: 3

CDS archive(s) mapped at: [0x0000000800000000-0x0000000800bc0000-0x0000000800bc0000), size 12320768, SharedBaseAddress: 0x0000000800000000, ArchiveRelocationMode: 0.
Compressed class space mapped at: 0x0000000800c00000-0x0000000840c00000, reserved size: 1073741824
Narrow klass base: 0x0000000800000000, Narrow klass shift: 0, Narrow klass range: 0x100000000

GC Precious Log:
 CPUs: 4 total, 4 available
 Memory: 16289M
 Large Page Support: Disabled
 NUMA Support: Disabled
 Compressed Oops: Enabled (Zero based)
 Heap Region Size: 2M
 Heap Min Capacity: 8M
 Heap Initial Capacity: 256M
 Heap Max Capacity: 4074M
 Pre-touch: Disabled
 Parallel Workers: 4
 Concurrent Workers: 1
 Concurrent Refinement Workers: 4
 Periodic GC: Disabled

Heap:
 garbage-first heap   total 61440K, used 42110K [0x0000000701600000, 0x0000000800000000)
  region size 2048K, 15 young (30720K), 3 survivors (6144K)
 Metaspace       used 30535K, committed 31040K, reserved 1081344K
  class space    used 3913K, committed 4160K, reserved 1048576K

Heap Regions: E=young(eden), S=young(survivor), O=old, HS=humongous(starts), HC=humongous(continues), CS=collection set, F=free, OA=open archive, CA=closed archive, TAMS=top-at-mark-start (previous, next)
|   0|0x0000000701600000, 0x0000000701800000, 0x0000000701800000|100%| O|  |TAMS 0x0000000701800000, 0x0000000701600000| Untracked 
|   1|0x0000000701800000, 0x0000000701a00000, 0x0000000701a00000|100%| O|  |TAMS 0x0000000701a00000, 0x0000000701800000| Untracked 
|   2|0x0000000701a00000, 0x0000000701c00000, 0x0000000701c00000|100%| O|  |TAMS 0x0000000701c00000, 0x0000000701a00000| Untracked 
|   3|0x0000000701c00000, 0x0000000701d1fa00, 0x0000000701e00000| 56%| O|  |TAMS 0x0000000701d1fa00, 0x0000000701c00000| Untracked 
|   4|0x0000000701e00000, 0x0000000702000000, 0x0000000702000000|100%| O|  |TAMS 0x0000000701e00000, 0x0000000701e00000| Untracked 
|   5|0x0000000702000000, 0x0000000702200000, 0x0000000702200000|100%| E|CS|TAMS 0x0000000702000000, 0x0000000702000000| Complete 
|   6|0x0000000702200000, 0x0000000702400000, 0x0000000702400000|100%| E|CS|TAMS 0x0000000702200000, 0x0000000702200000| Complete 
|   7|0x0000000702400000, 0x0000000702600000, 0x0000000702600000|100%| E|CS|TAMS 0x0000000702400000, 0x0000000702400000| Complete 
|   8|0x0000000702600000, 0x0000000702800000, 0x0000000702800000|100%| E|CS|TAMS 0x0000000702600000, 0x0000000702600000| Complete 
|   9|0x0000000702800000, 0x0000000702a00000, 0x0000000702a00000|100%| E|CS|TAMS 0x0000000702800000, 0x0000000702800000| Complete 
|  10|0x0000000702a00000, 0x0000000702c00000, 0x0000000702c00000|100%| O|  |TAMS 0x0000000702a00000, 0x0000000702a00000| Untracked 
|  11|0x0000000702c00000, 0x0000000702d93fe8, 0x0000000702e00000| 78%| O|  |TAMS 0x0000000702c00000, 0x0000000702c00000| Untracked 
|  12|0x0000000702e00000, 0x0000000702e00000, 0x0000000703000000|  0%| F|  |TAMS 0x0000000702e00000, 0x0000000702e00000| Untracked 
|  13|0x0000000703000000, 0x0000000703000000, 0x0000000703200000|  0%| F|  |TAMS 0x0000000703000000, 0x0000000703000000| Untracked 
|  14|0x0000000703200000, 0x0000000703200000, 0x0000000703400000|  0%| F|  |TAMS 0x0000000703200000, 0x0000000703200000| Untracked 
|  15|0x0000000703400000, 0x0000000703544768, 0x0000000703600000| 63%| S|  |TAMS 0x0000000703400000, 0x0000000703400000| Complete 
|  16|0x0000000703600000, 0x0000000703800000, 0x0000000703800000|100%| S|  |TAMS 0x0000000703600000, 0x0000000703600000| Complete 
|  17|0x0000000703800000, 0x0000000703a00000, 0x0000000703a00000|100%| S|  |TAMS 0x0000000703800000, 0x0000000703800000| Complete 
|  18|0x0000000703a00000, 0x0000000703c00000, 0x0000000703c00000|100%| E|CS|TAMS 0x0000000703a00000, 0x0000000703a00000| Complete 
|  19|0x0000000703c00000, 0x0000000703e00000, 0x0000000703e00000|100%| E|CS|TAMS 0x0000000703c00000, 0x0000000703c00000| Complete 
|  20|0x0000000703e00000, 0x0000000704000000, 0x0000000704000000|100%| E|CS|TAMS 0x0000000703e00000, 0x0000000703e00000| Complete 
|  21|0x0000000704000000, 0x0000000704200000, 0x0000000704200000|100%| E|CS|TAMS 0x0000000704000000, 0x0000000704000000| Complete 
|  22|0x0000000704200000, 0x0000000704400000, 0x0000000704400000|100%| E|CS|TAMS 0x0000000704200000, 0x0000000704200000| Complete 
|  23|0x0000000704400000, 0x0000000704600000, 0x0000000704600000|100%| E|CS|TAMS 0x0000000704400000, 0x0000000704400000| Complete 
|  24|0x0000000704600000, 0x0000000704800000, 0x0000000704800000|100%| E|CS|TAMS 0x0000000704600000, 0x0000000704600000| Complete 
|  92|0x000000070ce00000, 0x000000070d000000, 0x000000070d000000|100%| E|CS|TAMS 0x000000070ce00000, 0x000000070ce00000| Complete 
|  93|0x000000070d000000, 0x000000070d200000, 0x000000070d200000|100%| E|CS|TAMS 0x000000070d000000, 0x000000070d000000| Complete 
|  94|0x000000070d200000, 0x000000070d400000, 0x000000070d400000|100%| E|CS|TAMS 0x000000070d200000, 0x000000070d200000| Complete 
|  95|0x000000070d400000, 0x000000070d600000, 0x000000070d600000|100%| E|CS|TAMS 0x000000070d400000, 0x000000070d400000| Complete 
| 127|0x0000000711400000, 0x0000000711600000, 0x0000000711600000|100%| E|CS|TAMS 0x0000000711400000, 0x0000000711400000| Complete 

Card table byte_map: [0x0000025a8f800000,0x0000025a90000000] _byte_map_base: 0x0000025a8bff5000

Marking Bits (Prev, Next): (CMBitMap*) 0x0000025af84d5800, (CMBitMap*) 0x0000025af84d57c0
 Prev Bits: [0x0000025a947b0000, 0x0000025a98758000)
 Next Bits: [0x0000025a90800000, 0x0000025a947a8000)

Polling page: 0x0000025af63f0000

Metaspace:

Usage:
  Non-class:     26.00 MB used.
      Class:      3.82 MB used.
       Both:     29.82 MB used.

Virtual space:
  Non-class space:       32.00 MB reserved,      26.25 MB ( 82%) committed,  4 nodes.
      Class space:        1.00 GB reserved,       4.06 MB ( <1%) committed,  1 nodes.
             Both:        1.03 GB reserved,      30.31 MB (  3%) committed. 

Chunk freelists:
   Non-Class:  1.22 MB
       Class:  3.97 MB
        Both:  5.19 MB

MaxMetaspaceSize: unlimited
CompressedClassSpaceSize: 1.00 GB
Initial GC threshold: 21.00 MB
Current GC threshold: 35.31 MB
CDS: on
MetaspaceReclaimPolicy: balanced
 - commit_granule_bytes: 65536.
 - commit_granule_words: 8192.
 - virtual_space_node_default_size: 1048576.
 - enlarge_chunks_in_place: 1.
 - new_chunks_are_fully_committed: 0.
 - uncommit_free_chunks: 1.
 - use_allocation_guard: 0.
 - handle_deallocations: 1.


Internal statistics:

num_allocs_failed_limit: 3.
num_arena_births: 562.
num_arena_deaths: 0.
num_vsnodes_births: 5.
num_vsnodes_deaths: 0.
num_space_committed: 485.
num_space_uncommitted: 0.
num_chunks_returned_to_freelist: 3.
num_chunks_taken_from_freelist: 1681.
num_chunk_merges: 3.
num_chunk_splits: 1132.
num_chunks_enlarged: 813.
num_purges: 0.
num_inconsistent_stats: 0.

CodeHeap 'non-profiled nmethods': size=120000Kb used=1934Kb max_used=1934Kb free=118065Kb
 bounds [0x0000025a87ad0000, 0x0000025a87d40000, 0x0000025a8f000000]
CodeHeap 'profiled nmethods': size=120000Kb used=8878Kb max_used=8878Kb free=111121Kb
 bounds [0x0000025a805a0000, 0x0000025a80e50000, 0x0000025a87ad0000]
CodeHeap 'non-nmethods': size=5760Kb used=1226Kb max_used=1262Kb free=4533Kb
 bounds [0x0000025a80000000, 0x0000025a80270000, 0x0000025a805a0000]
 total_blobs=4576 nmethods=4044 adapters=444
 compilation: enabled
              stopped_count=0, restarted_count=0
 full_count=0

Compilation events (20 events):
Event: 3.072 Thread 0x0000025a9a926fb0 4055       4       org.springframework.core.annotation.MergedAnnotations$Search$$Lambda$43/0x0000000800c32c00::test (8 bytes)
Event: 3.073 Thread 0x0000025a9a926fb0 nmethod 4055 0x0000025a87cb3390 code [0x0000025a87cb3500, 0x0000025a87cb3598]
Event: 3.073 Thread 0x0000025a9a926fb0 4007       4       java.util.LinkedHashMap::keySet (25 bytes)
Event: 3.074 Thread 0x0000025a9a92af50 4060       3       org.springframework.context.annotation.CommonAnnotationBeanPostProcessor$$Lambda$547/0x0000000800f67548::doWith (13 bytes)
Event: 3.074 Thread 0x0000025a9a926fb0 nmethod 4007 0x0000025a87cb3690 code [0x0000025a87cb3820, 0x0000025a87cb39d8]
Event: 3.074 Thread 0x0000025a9a92af50 nmethod 4060 0x0000025a80e47610 code [0x0000025a80e477c0, 0x0000025a80e47928]
Event: 3.074 Thread 0x0000025a9a926fb0 4057       4       java.util.HashSet::iterator (13 bytes)
Event: 3.074 Thread 0x0000025a9a92af50 4061       3       org.springframework.context.annotation.CommonAnnotationBeanPostProcessor::lambda$buildResourceMetadata$0 (210 bytes)
Event: 3.075 Thread 0x0000025a9a92af50 nmethod 4061 0x0000025a80e47a10 code [0x0000025a80e47cc0, 0x0000025a80e48a78]
Event: 3.075 Thread 0x0000025a9a92af50 4062       3       org.springframework.beans.factory.annotation.AutowiredAnnotationBeanPostProcessor::lambda$buildAutowiringMetadata$1 (74 bytes)
Event: 3.075 Thread 0x0000025a9a92af50 nmethod 4062 0x0000025a80e48e90 code [0x0000025a80e490c0, 0x0000025a80e49768]
Event: 3.075 Thread 0x0000025a9a92af50 4063       3       java.util.HashMap::put (13 bytes)
Event: 3.076 Thread 0x0000025a9a92af50 nmethod 4063 0x0000025a80e49a10 code [0x0000025a80e49bc0, 0x0000025a80e49eb8]
Event: 3.076 Thread 0x0000025a9a92af50 4064       3       java.util.TimSort::binarySort (223 bytes)
Event: 3.076 Thread 0x0000025a9a92af50 nmethod 4064 0x0000025a80e4a010 code [0x0000025a80e4a220, 0x0000025a80e4ad78]
Event: 3.076 Thread 0x0000025a9a92af50 4066       3       org.springframework.boot.context.properties.source.ConfigurationPropertyName$ElementsParser::expand (19 bytes)
Event: 3.077 Thread 0x0000025a9a92af50 nmethod 4066 0x0000025a80e4b090 code [0x0000025a80e4b240, 0x0000025a80e4b488]
Event: 3.077 Thread 0x0000025a9a92af50 4067       3       org.springframework.boot.context.properties.bind.AbstractBindHandler::onFinish (15 bytes)
Event: 3.077 Thread 0x0000025a9a92af50 nmethod 4067 0x0000025a80e4b590 code [0x0000025a80e4b740, 0x0000025a80e4b928]
Event: 3.077 Thread 0x0000025a9a92af50 4068       3       org.springframework.boot.context.properties.source.ConfigurationPropertyName::convertElement (87 bytes)

GC Heap History (11 events):
Event: 0.315 GC heap before
{Heap before GC invocations=0 (full 0):
 garbage-first heap   total 262144K, used 10240K [0x0000000701600000, 0x0000000800000000)
  region size 2048K, 6 young (12288K), 0 survivors (0K)
 Metaspace       used 2591K, committed 2816K, reserved 1056768K
  class space    used 253K, committed 384K, reserved 1048576K
}
Event: 0.318 GC heap after
{Heap after GC invocations=1 (full 0):
 garbage-first heap   total 262144K, used 7235K [0x0000000701600000, 0x0000000800000000)
  region size 2048K, 1 young (2048K), 1 survivors (2048K)
 Metaspace       used 2591K, committed 2816K, reserved 1056768K
  class space    used 253K, committed 384K, reserved 1048576K
}
Event: 0.542 GC heap before
{Heap before GC invocations=1 (full 0):
 garbage-first heap   total 262144K, used 15427K [0x0000000701600000, 0x0000000800000000)
  region size 2048K, 6 young (12288K), 1 survivors (2048K)
 Metaspace       used 5036K, committed 5312K, reserved 1056768K
  class space    used 570K, committed 704K, reserved 1048576K
}
Event: 0.544 GC heap after
{Heap after GC invocations=2 (full 0):
 garbage-first heap   total 262144K, used 7977K [0x0000000701600000, 0x0000000800000000)
  region size 2048K, 1 young (2048K), 1 survivors (2048K)
 Metaspace       used 5036K, committed 5312K, reserved 1056768K
  class space    used 570K, committed 704K, reserved 1048576K
}
Event: 0.962 GC heap before
{Heap before GC invocations=2 (full 0):
 garbage-first heap   total 262144K, used 28457K [0x0000000701600000, 0x0000000800000000)
  region size 2048K, 12 young (24576K), 1 survivors (2048K)
 Metaspace       used 11226K, committed 11520K, reserved 1064960K
  class space    used 1395K, committed 1536K, reserved 1048576K
}
Event: 0.965 GC heap after
{Heap after GC invocations=3 (full 0):
 garbage-first heap   total 262144K, used 9567K [0x0000000701600000, 0x0000000800000000)
  region size 2048K, 2 young (4096K), 2 survivors (4096K)
 Metaspace       used 11226K, committed 11520K, reserved 1064960K
  class space    used 1395K, committed 1536K, reserved 1048576K
}
Event: 1.881 GC heap before
{Heap before GC invocations=3 (full 0):
 garbage-first heap   total 262144K, used 68959K [0x0000000701600000, 0x0000000800000000)
  region size 2048K, 32 young (65536K), 2 survivors (4096K)
 Metaspace       used 21252K, committed 21504K, reserved 1073152K
  class space    used 2629K, committed 2752K, reserved 1048576K
}
Event: 1.887 GC heap after
{Heap after GC invocations=4 (full 0):
 garbage-first heap   total 262144K, used 14530K [0x0000000701600000, 0x0000000800000000)
  region size 2048K, 4 young (8192K), 4 survivors (8192K)
 Metaspace       used 21252K, committed 21504K, reserved 1073152K
  class space    used 2629K, committed 2752K, reserved 1048576K
}
Event: 2.614 GC heap before
{Heap before GC invocations=5 (full 0):
 garbage-first heap   total 61440K, used 45250K [0x0000000701600000, 0x0000000800000000)
  region size 2048K, 20 young (40960K), 4 survivors (8192K)
 Metaspace       used 26471K, committed 26880K, reserved 1073152K
  class space    used 3388K, committed 3584K, reserved 1048576K
}
Event: 2.624 GC heap after
{Heap after GC invocations=6 (full 0):
 garbage-first heap   total 61440K, used 17534K [0x0000000701600000, 0x0000000800000000)
  region size 2048K, 5 young (10240K), 5 survivors (10240K)
 Metaspace       used 26471K, committed 26880K, reserved 1073152K
  class space    used 3388K, committed 3584K, reserved 1048576K
}
Event: 3.078 GC heap before
{Heap before GC invocations=6 (full 0):
 garbage-first heap   total 61440K, used 42110K [0x0000000701600000, 0x0000000800000000)
  region size 2048K, 17 young (34816K), 5 survivors (10240K)
 Metaspace       used 30535K, committed 31040K, reserved 1081344K
  class space    used 3913K, committed 4160K, reserved 1048576K
}

Deoptimization events (20 events):
Event: 2.927 Thread 0x0000025a9c198100 DEOPT PACKING pc=0x0000025a87c9ad4c sp=0x00000062f86fd750
Event: 2.927 Thread 0x0000025a9c198100 DEOPT UNPACKING pc=0x0000025a800523a3 sp=0x00000062f86fd6e0 mode 2
Event: 2.944 Thread 0x0000025a9c198100 DEOPT PACKING pc=0x0000025a805ef334 sp=0x00000062f86fd510
Event: 2.944 Thread 0x0000025a9c198100 DEOPT UNPACKING pc=0x0000025a80052b43 sp=0x00000062f86fc980 mode 0
Event: 2.947 Thread 0x0000025a9c198100 DEOPT PACKING pc=0x0000025a805ef334 sp=0x00000062f86fd510
Event: 2.947 Thread 0x0000025a9c198100 DEOPT UNPACKING pc=0x0000025a80052b43 sp=0x00000062f86fc980 mode 0
Event: 2.952 Thread 0x0000025a9c198100 DEOPT PACKING pc=0x0000025a805ef334 sp=0x00000062f86fd510
Event: 2.952 Thread 0x0000025a9c198100 DEOPT UNPACKING pc=0x0000025a80052b43 sp=0x00000062f86fc980 mode 0
Event: 2.952 Thread 0x0000025a9c198100 DEOPT PACKING pc=0x0000025a805ef334 sp=0x00000062f86fd510
Event: 2.952 Thread 0x0000025a9c198100 DEOPT UNPACKING pc=0x0000025a80052b43 sp=0x00000062f86fc980 mode 0
Event: 2.956 Thread 0x0000025a9c198100 DEOPT PACKING pc=0x0000025a805ef334 sp=0x00000062f86fd510
Event: 2.956 Thread 0x0000025a9c198100 DEOPT UNPACKING pc=0x0000025a80052b43 sp=0x00000062f86fc980 mode 0
Event: 3.052 Thread 0x0000025a9c198100 DEOPT PACKING pc=0x0000025a808748ea sp=0x00000062f86fe160
Event: 3.052 Thread 0x0000025a9c198100 DEOPT UNPACKING pc=0x0000025a80052b43 sp=0x00000062f86fd5f0 mode 3
Event: 3.052 Thread 0x0000025a9c197760 DEOPT PACKING pc=0x0000025a80a8c539 sp=0x00000062f87febd0
Event: 3.052 Thread 0x0000025a9c197760 DEOPT UNPACKING pc=0x0000025a80052b43 sp=0x00000062f87fe028 mode 3
Event: 3.075 Thread 0x0000025a9c198100 Uncommon trap: trap_request=0xffffff45 fr.pc=0x0000025a87be9050 relative=0x0000000000000ed0
Event: 3.075 Thread 0x0000025a9c198100 Uncommon trap: reason=unstable_if action=reinterpret pc=0x0000025a87be9050 method=java.util.HashMap.putVal(ILjava/lang/Object;Ljava/lang/Object;ZZ)Ljava/lang/Object; @ 94 c2
Event: 3.075 Thread 0x0000025a9c198100 DEOPT PACKING pc=0x0000025a87be9050 sp=0x00000062f86fc1f0
Event: 3.075 Thread 0x0000025a9c198100 DEOPT UNPACKING pc=0x0000025a800523a3 sp=0x00000062f86fc108 mode 2

Classes unloaded (0 events):
No events

Classes redefined (0 events):
No events

Internal exceptions (20 events):
Event: 2.654 Thread 0x0000025a9c198100 Exception <a 'java/lang/NoSuchMethodError'{0x000000071153d850}: 'void java.lang.invoke.DirectMethodHandle$Holder.invokeInterface(java.lang.Object, java.lang.Object, int)'> (0x000000071153d850) 
thrown [t:\workspace\open\src\hotspot\share\interpreter\linkResolver.cpp, line 766]
Event: 2.658 Thread 0x0000025a9c198100 Exception <a 'java/lang/IncompatibleClassChangeError'{0x000000071158dac0}: Found class java.lang.Object, but interface was expected> (0x000000071158dac0) 
thrown [t:\workspace\open\src\hotspot\share\interpreter\linkResolver.cpp, line 833]
Event: 2.659 Thread 0x0000025a9c198100 Exception <a 'java/lang/NoSuchMethodError'{0x000000071159e5f8}: 'int java.lang.invoke.DirectMethodHandle$Holder.invokeSpecialIFC(java.lang.Object, java.lang.Object, java.lang.Object)'> (0x000000071159e5f8) 
thrown [t:\workspace\open\src\hotspot\share\interpreter\linkResolver.cpp, line 766]
Event: 2.661 Thread 0x0000025a9c198100 Exception <a 'java/lang/NoSuchMethodError'{0x00000007115b6e20}: 'void java.lang.invoke.DirectMethodHandle$Holder.invokeStatic(java.lang.Object, int, java.lang.Object)'> (0x00000007115b6e20) 
thrown [t:\workspace\open\src\hotspot\share\interpreter\linkResolver.cpp, line 766]
Event: 2.666 Thread 0x0000025a9c198100 Exception <a 'java/lang/NoSuchMethodError'{0x00000007115f28c0}: 'void java.lang.invoke.DirectMethodHandle$Holder.invokeVirtual(java.lang.Object, java.lang.Object, int)'> (0x00000007115f28c0) 
thrown [t:\workspace\open\src\hotspot\share\interpreter\linkResolver.cpp, line 766]
Event: 2.666 Thread 0x0000025a9c198100 Exception <a 'java/lang/NoSuchMethodError'{0x00000007115f8b08}: 'void java.lang.invoke.DirectMethodHandle$Holder.invokeStatic(java.lang.Object, java.lang.Object, java.lang.Object, int, java.lang.Object)'> (0x00000007115f8b08) 
thrown [t:\workspace\open\src\hotspot\share\interpreter\linkResolver.cpp, line 766]
Event: 2.667 Thread 0x0000025a9c198100 Exception <a 'java/lang/NoSuchMethodError'{0x000000070d400260}: 'java.lang.Object java.lang.invoke.DirectMethodHandle$Holder.newInvokeSpecial(java.lang.Object, java.lang.Object, java.lang.Object, int)'> (0x000000070d400260) 
thrown [t:\workspace\open\src\hotspot\share\interpreter\linkResolver.cpp, line 766]
Event: 2.667 Thread 0x0000025a9c198100 Exception <a 'java/lang/NoSuchMethodError'{0x000000070d4047a0}: 'java.lang.Object java.lang.invoke.DirectMethodHandle$Holder.invokeSpecial(java.lang.Object, java.lang.Object, java.lang.Object, java.lang.Object, int)'> (0x000000070d4047a0) 
thrown [t:\workspace\open\src\hotspot\share\interpreter\linkResolver.cpp, line 766]
Event: 2.667 Thread 0x0000025a9c198100 Exception <a 'java/lang/NoSuchMethodError'{0x000000070d408368}: 'java.lang.Object java.lang.invoke.Invokers$Holder.linkToTargetMethod(java.lang.Object, java.lang.Object, int, java.lang.Object)'> (0x000000070d408368) 
thrown [t:\workspace\open\src\hotspot\share\interpreter\linkResolver.cpp, line 766]
Event: 2.735 Thread 0x0000025a9c198100 Exception <a 'java/lang/NoSuchMethodError'{0x000000070d3e4798}: 'java.lang.Object java.lang.invoke.DirectMethodHandle$Holder.invokeStaticInit(java.lang.Object, int, int, int, int)'> (0x000000070d3e4798) 
thrown [t:\workspace\open\src\hotspot\share\interpreter\linkResolver.cpp, line 766]
Event: 2.776 Thread 0x0000025a9c198100 Exception <a 'java/lang/NoSuchMethodError'{0x000000070d0b9ec8}: 'java.lang.Object java.lang.invoke.DirectMethodHandle$Holder.invokeStaticInit(java.lang.Object, java.lang.Object, int, int, int, int)'> (0x000000070d0b9ec8) 
thrown [t:\workspace\open\src\hotspot\share\interpreter\linkResolver.cpp, line 766]
Event: 2.884 Thread 0x0000025a9c198100 Exception <a 'sun/nio/fs/WindowsException'{0x0000000704256bf8}> (0x0000000704256bf8) 
thrown [t:\workspace\open\src\hotspot\share\prims\jni.cpp, line 516]
Event: 2.885 Thread 0x0000025a9c198100 Exception <a 'sun/nio/fs/WindowsException'{0x000000070425c688}> (0x000000070425c688) 
thrown [t:\workspace\open\src\hotspot\share\prims\jni.cpp, line 516]
Event: 2.885 Thread 0x0000025a9c198100 Exception <a 'sun/nio/fs/WindowsException'{0x000000070425cd68}> (0x000000070425cd68) 
thrown [t:\workspace\open\src\hotspot\share\prims\jni.cpp, line 516]
Event: 2.912 Thread 0x0000025a9c198100 Exception <a 'java/lang/NoSuchMethodError'{0x00000007043a7530}: 'java.lang.Object java.lang.invoke.DirectMethodHandle$Holder.invokeSpecial(java.lang.Object, java.lang.Object, long, java.lang.Object, java.lang.Object, java.lang.Object, java.lang.Object, java.lang.Object, java.lang.Object)'> (0x00000007043a7530) 
thrown [t:\workspace\open\src\hotspot\share\interpreter\linkResolver.cpp, line 766]
Event: 2.912 Thread 0x0000025a9c198100 Exception <a 'java/lang/NoSuchMethodError'{0x00000007043ac058}: 'java.lang.Object java.lang.invoke.DelegatingMethodHandle$Holder.reinvoke_L(java.lang.Object, long, java.lang.Object, java.lang.Object, java.lang.Object, java.lang.Object, java.lang.Object, java.lang.Object)'> (0x00000007043ac058) 
thrown [t:\workspace\open\src\hotspot\share\interpreter\linkResolver.cpp, line 766]
Event: 2.942 Thread 0x0000025a9c198100 Exception <a 'java/io/FileNotFoundException'{0x0000000704100168}> (0x0000000704100168) 
thrown [t:\workspace\open\src\hotspot\share\prims\jni.cpp, line 516]
Event: 2.963 Thread 0x0000025a9c198100 Exception <a 'java/lang/NoSuchMethodError'{0x0000000703e83228}: 'int java.lang.invoke.DirectMethodHandle$Holder.invokeInterface(java.lang.Object, java.lang.Object, java.lang.Object, java.lang.Object)'> (0x0000000703e83228) 
thrown [t:\workspace\open\src\hotspot\share\interpreter\linkResolver.cpp, line 766]
Event: 3.014 Thread 0x0000025a9c198100 Exception <a 'java/lang/NoSuchMethodError'{0x0000000703cd3410}: 'long java.lang.invoke.DirectMethodHandle$Holder.invokeVirtual(java.lang.Object, java.lang.Object)'> (0x0000000703cd3410) 
thrown [t:\workspace\open\src\hotspot\share\interpreter\linkResolver.cpp, line 766]
Event: 3.038 Thread 0x0000025a9c198100 Exception <a 'java/lang/NoSuchMethodError'{0x0000000703d64118}: static Lorg/springframework/security/web/csrf/DefaultCsrfToken;.<clinit>()V> (0x0000000703d64118) 
thrown [t:\workspace\open\src\hotspot\share\prims\jni.cpp, line 1107]

VM Operations (20 events):
Event: 2.317 Executing VM operation: HandshakeAllThreads done
Event: 2.466 Executing VM operation: HandshakeAllThreads
Event: 2.466 Executing VM operation: HandshakeAllThreads done
Event: 2.470 Executing VM operation: ICBufferFull
Event: 2.470 Executing VM operation: ICBufferFull done
Event: 2.480 Executing VM operation: HandshakeAllThreads
Event: 2.480 Executing VM operation: HandshakeAllThreads done
Event: 2.482 Executing VM operation: HandshakeAllThreads
Event: 2.482 Executing VM operation: HandshakeAllThreads done
Event: 2.614 Executing VM operation: G1CollectForAllocation
Event: 2.624 Executing VM operation: G1CollectForAllocation done
Event: 2.924 Executing VM operation: HandshakeAllThreads
Event: 2.924 Executing VM operation: HandshakeAllThreads done
Event: 2.990 Executing VM operation: HandshakeAllThreads
Event: 2.990 Executing VM operation: HandshakeAllThreads done
Event: 2.990 Executing VM operation: HandshakeAllThreads
Event: 2.990 Executing VM operation: HandshakeAllThreads done
Event: 3.042 Executing VM operation: HandshakeAllThreads
Event: 3.042 Executing VM operation: HandshakeAllThreads done
Event: 3.078 Executing VM operation: G1CollectForAllocation

Events (20 events):
Event: 3.048 loading class java/util/concurrent/ScheduledThreadPoolExecutor$ScheduledFutureTask done
Event: 3.048 loading class java/util/concurrent/Executors$RunnableAdapter
Event: 3.049 loading class java/util/concurrent/Executors$RunnableAdapter done
Event: 3.049 loading class java/util/concurrent/ThreadPoolExecutor$Worker
Event: 3.049 loading class java/util/concurrent/ThreadPoolExecutor$Worker done
Event: 3.050 loading class java/lang/Thread$State
Event: 3.050 loading class java/lang/Thread$State done
Event: 3.050 Thread 0x0000025a9c197760 Thread added: 0x0000025a9c197760
Event: 3.050 loading class java/util/concurrent/TimeUnit$1
Event: 3.051 loading class java/util/concurrent/TimeUnit$1 done
Event: 3.051 Thread 0x0000025a9c194c10 Thread added: 0x0000025a9c194c10
Event: 3.051 loading class java/util/concurrent/locks/AbstractQueuedSynchronizer$ConditionNode
Event: 3.051 loading class java/util/concurrent/locks/AbstractQueuedSynchronizer$Node
Event: 3.051 loading class java/util/concurrent/locks/AbstractQueuedSynchronizer$Node done
Event: 3.051 loading class java/util/concurrent/locks/AbstractQueuedSynchronizer$ConditionNode done
Event: 3.051 loading class java/lang/invoke/DirectMethodHandle$Special
Event: 3.051 loading class java/lang/invoke/DirectMethodHandle$Special done
Event: 3.052 loading class java/util/concurrent/locks/AbstractQueuedSynchronizer$ExclusiveNode
Event: 3.052 loading class java/util/concurrent/locks/AbstractQueuedSynchronizer$ExclusiveNode done
Event: 3.054 Thread 0x0000025a9c1955b0 Thread added: 0x0000025a9c1955b0


Dynamic libraries:
0x00007ff62bb10000 - 0x00007ff62bb1e000 	C:\jdk-17.0.2\bin\java.exe
0x00007ffe8f990000 - 0x00007ffe8fb88000 	C:\WINDOWS\SYSTEM32\ntdll.dll
0x00007ffe8ea40000 - 0x00007ffe8eb02000 	C:\WINDOWS\System32\KERNEL32.DLL
0x00007ffe8d030000 - 0x00007ffe8d32e000 	C:\WINDOWS\System32\KERNELBASE.dll
0x00007ffe8d5e0000 - 0x00007ffe8d6e0000 	C:\WINDOWS\System32\ucrtbase.dll
0x00007ffe87ec0000 - 0x00007ffe87eda000 	C:\jdk-17.0.2\bin\VCRUNTIME140.dll
0x00007ffe87330000 - 0x00007ffe87348000 	C:\jdk-17.0.2\bin\jli.dll
0x00007ffe8f6e0000 - 0x00007ffe8f87d000 	C:\WINDOWS\System32\USER32.dll
0x00007ffe810a0000 - 0x00007ffe8133a000 	C:\WINDOWS\WinSxS\amd64_microsoft.windows.common-controls_6595b64144ccf1df_6.0.19041.4355_none_60b8b9eb71f62e16\COMCTL32.dll
0x00007ffe8d710000 - 0x00007ffe8d732000 	C:\WINDOWS\System32\win32u.dll
0x00007ffe8ec40000 - 0x00007ffe8ecde000 	C:\WINDOWS\System32\msvcrt.dll
0x00007ffe8f010000 - 0x00007ffe8f03b000 	C:\WINDOWS\System32\GDI32.dll
0x00007ffe8d890000 - 0x00007ffe8d9a7000 	C:\WINDOWS\System32\gdi32full.dll
0x00007ffe8d330000 - 0x00007ffe8d3cd000 	C:\WINDOWS\System32\msvcp_win.dll
0x00007ffe8f6b0000 - 0x00007ffe8f6df000 	C:\WINDOWS\System32\IMM32.DLL
0x00007ffe87320000 - 0x00007ffe8732c000 	C:\jdk-17.0.2\bin\vcruntime140_1.dll
0x00007ffe74890000 - 0x00007ffe7491d000 	C:\jdk-17.0.2\bin\msvcp140.dll
0x00007ffe48cc0000 - 0x00007ffe49881000 	C:\jdk-17.0.2\bin\server\jvm.dll
0x00007ffe8ece0000 - 0x00007ffe8ed91000 	C:\WINDOWS\System32\ADVAPI32.dll
0x00007ffe8ef70000 - 0x00007ffe8f00f000 	C:\WINDOWS\System32\sechost.dll
0x00007ffe8eb10000 - 0x00007ffe8ec33000 	C:\WINDOWS\System32\RPCRT4.dll
0x00007ffe8d6e0000 - 0x00007ffe8d707000 	C:\WINDOWS\System32\bcrypt.dll
0x00007ffe8dd10000 - 0x00007ffe8dd18000 	C:\WINDOWS\System32\PSAPI.DLL
0x00007ffe8a310000 - 0x00007ffe8a319000 	C:\WINDOWS\SYSTEM32\WSOCK32.dll
0x00007ffe8f050000 - 0x00007ffe8f0bb000 	C:\WINDOWS\System32\WS2_32.dll
0x00007ffe7aa10000 - 0x00007ffe7aa37000 	C:\WINDOWS\SYSTEM32\WINMM.dll
0x00007ffe87470000 - 0x00007ffe8747a000 	C:\WINDOWS\SYSTEM32\VERSION.dll
0x00007ffe8adf0000 - 0x00007ffe8ae02000 	C:\WINDOWS\SYSTEM32\kernel.appcore.dll
0x00007ffe86f40000 - 0x00007ffe86f4a000 	C:\jdk-17.0.2\bin\jimage.dll
0x00007ffe869c0000 - 0x00007ffe86ba4000 	C:\WINDOWS\SYSTEM32\DBGHELP.DLL
0x00007ffe867e0000 - 0x00007ffe86814000 	C:\WINDOWS\SYSTEM32\dbgcore.DLL
0x00007ffe8d800000 - 0x00007ffe8d882000 	C:\WINDOWS\System32\bcryptPrimitives.dll
0x00007ffe74610000 - 0x00007ffe7461e000 	C:\jdk-17.0.2\bin\instrument.dll
0x00007ffe83a40000 - 0x00007ffe83a65000 	C:\jdk-17.0.2\bin\java.dll
0x00007ffe72ca0000 - 0x00007ffe72d76000 	C:\jdk-17.0.2\bin\jsvml.dll
0x00007ffe8dd30000 - 0x00007ffe8e49d000 	C:\WINDOWS\System32\SHELL32.dll
0x00007ffe8b0d0000 - 0x00007ffe8b874000 	C:\WINDOWS\SYSTEM32\windows.storage.dll
0x00007ffe8d9b0000 - 0x00007ffe8dd03000 	C:\WINDOWS\System32\combase.dll
0x00007ffe8c990000 - 0x00007ffe8c9be000 	C:\WINDOWS\SYSTEM32\Wldp.dll
0x00007ffe8f880000 - 0x00007ffe8f94d000 	C:\WINDOWS\System32\OLEAUT32.dll
0x00007ffe8eda0000 - 0x00007ffe8ee4d000 	C:\WINDOWS\System32\SHCORE.dll
0x00007ffe8f4a0000 - 0x00007ffe8f4f5000 	C:\WINDOWS\System32\shlwapi.dll
0x00007ffe8cf60000 - 0x00007ffe8cf84000 	C:\WINDOWS\SYSTEM32\profapi.dll
0x00007ffe74bc0000 - 0x00007ffe74bd8000 	C:\jdk-17.0.2\bin\zip.dll
0x00007ffe76080000 - 0x00007ffe76099000 	C:\jdk-17.0.2\bin\net.dll
0x00007ffe86df0000 - 0x00007ffe86efd000 	C:\WINDOWS\SYSTEM32\WINHTTP.dll
0x00007ffe8c6f0000 - 0x00007ffe8c75a000 	C:\WINDOWS\system32\mswsock.dll
0x00007ffe76060000 - 0x00007ffe76076000 	C:\jdk-17.0.2\bin\nio.dll
0x00007ffe6fbf0000 - 0x00007ffe6fc0a000 	C:\Program Files\JetBrains\IntelliJ IDEA Community Edition 2024.1\bin\breakgen64.dll
0x00007ffe74600000 - 0x00007ffe74609000 	C:\jdk-17.0.2\bin\management.dll
0x00007ffe72c80000 - 0x00007ffe72c8b000 	C:\jdk-17.0.2\bin\management_ext.dll
0x00007ffe72c10000 - 0x00007ffe72c1e000 	C:\jdk-17.0.2\bin\sunmscapi.dll
0x00007ffe8d3d0000 - 0x00007ffe8d52c000 	C:\WINDOWS\System32\CRYPT32.dll
0x00007ffe8ca00000 - 0x00007ffe8ca27000 	C:\WINDOWS\SYSTEM32\ncrypt.dll
0x00007ffe8c9c0000 - 0x00007ffe8c9fb000 	C:\WINDOWS\SYSTEM32\NTASN1.dll
0x00007ffe8c8e0000 - 0x00007ffe8c8f8000 	C:\WINDOWS\SYSTEM32\CRYPTSP.dll
0x00007ffe8c010000 - 0x00007ffe8c044000 	C:\WINDOWS\system32\rsaenh.dll
0x00007ffe8cf20000 - 0x00007ffe8cf4e000 	C:\WINDOWS\SYSTEM32\USERENV.dll
0x00007ffe8c900000 - 0x00007ffe8c90c000 	C:\WINDOWS\SYSTEM32\CRYPTBASE.dll
0x00007ffe8c3d0000 - 0x00007ffe8c40b000 	C:\WINDOWS\SYSTEM32\IPHLPAPI.DLL
0x00007ffe8dd20000 - 0x00007ffe8dd28000 	C:\WINDOWS\System32\NSI.dll
0x00007ffe87cd0000 - 0x00007ffe87ce7000 	C:\WINDOWS\SYSTEM32\dhcpcsvc6.DLL
0x00007ffe87c20000 - 0x00007ffe87c3d000 	C:\WINDOWS\SYSTEM32\dhcpcsvc.DLL
0x00007ffe8c410000 - 0x00007ffe8c4da000 	C:\WINDOWS\SYSTEM32\DNSAPI.dll

dbghelp: loaded successfully - version: 4.0.5 - missing functions: none
symbol engine: initialized successfully - sym options: 0x614 - pdb path: .;C:\jdk-17.0.2\bin;C:\WINDOWS\SYSTEM32;C:\WINDOWS\WinSxS\amd64_microsoft.windows.common-controls_6595b64144ccf1df_6.0.19041.4355_none_60b8b9eb71f62e16;C:\jdk-17.0.2\bin\server;C:\Program Files\JetBrains\IntelliJ IDEA Community Edition 2024.1\bin

VM Arguments:
jvm_args: -javaagent:C:\Program Files\JetBrains\IntelliJ IDEA Community Edition 2024.1\lib\idea_rt.jar=63946:C:\Program Files\JetBrains\IntelliJ IDEA Community Edition 2024.1\bin -Dfile.encoding=UTF-8 
java_command: mx.unam.banunam.BanunamApplication
java_class_path (initial): C:\Users\Alumno\Documents\Proyecto\Proyecto\Banunam\target\classes;C:\Users\Alumno\.m2\repository\org\springframework\boot\spring-boot-starter\3.3.4\spring-boot-starter-3.3.4.jar;C:\Users\Alumno\.m2\repository\org\springframework\boot\spring-boot\3.3.4\spring-boot-3.3.4.jar;C:\Users\Alumno\.m2\repository\org\springframework\spring-context\6.1.13\spring-context-6.1.13.jar;C:\Users\Alumno\.m2\repository\org\springframework\boot\spring-boot-autoconfigure\3.3.4\spring-boot-autoconfigure-3.3.4.jar;C:\Users\Alumno\.m2\repository\org\springframework\boot\spring-boot-starter-logging\3.3.4\spring-boot-starter-logging-3.3.4.jar;C:\Users\Alumno\.m2\repository\ch\qos\logback\logback-classic\1.5.8\logback-classic-1.5.8.jar;C:\Users\Alumno\.m2\repository\ch\qos\logback\logback-core\1.5.8\logback-core-1.5.8.jar;C:\Users\Alumno\.m2\repository\org\apache\logging\log4j\log4j-to-slf4j\2.23.1\log4j-to-slf4j-2.23.1.jar;C:\Users\Alumno\.m2\repository\org\apache\logging\log4j\log4j-api\2.23.1\log4j-api-2.23.1.jar;C:\Users\Alumno\.m2\repository\org\slf4j\jul-to-slf4j\2.0.16\jul-to-slf4j-2.0.16.jar;C:\Users\Alumno\.m2\repository\jakarta\annotation\jakarta.annotation-api\2.1.1\jakarta.annotation-api-2.1.1.jar;C:\Users\Alumno\.m2\repository\org\springframework\spring-core\6.1.13\spring-core-6.1.13.jar;C:\Users\Alumno\.m2\repository\org\springframework\spring-jcl\6.1.13\spring-jcl-6.1.13.jar;C:\Users\Alumno\.m2\repository\org\yaml\snakeyaml\2.2\snakeyaml-2.2.jar;C:\Users\Alumno\.m2\repository\jakarta\xml\bind\jakarta.xml.bind-api\4.0.2\jakarta.xml.bind-api-4.0.2.jar;C:\Users\Alumno\.m2\repository\jakarta\activation\jakarta.activation-api\2.1.3\jakarta.activation-api-2.1.3.jar;C:\Users\Alumno\.m2\repository\net\bytebuddy\byte-buddy\1.14.19\byte-buddy-1.14.19.jar;C:\Users\Alumno\.m2\repository\org\springframework\boot\spring-boot-starter-web\3.3.4\spring-boot-starter-web-3.3.4.jar;C:\Users\Alumno\.m2\repository\org\springframework\boot\spring-boot-starter-json\3.3.4\
Launcher Type: SUN_STANDARD

[Global flags]
     intx CICompilerCount                          = 3                                         {product} {ergonomic}
     uint ConcGCThreads                            = 1                                         {product} {ergonomic}
     uint G1ConcRefinementThreads                  = 4                                         {product} {ergonomic}
   size_t G1HeapRegionSize                         = 2097152                                   {product} {ergonomic}
    uintx GCDrainStackTargetSize                   = 64                                        {product} {ergonomic}
   size_t InitialHeapSize                          = 268435456                                 {product} {ergonomic}
   size_t MarkStackSize                            = 4194304                                   {product} {ergonomic}
   size_t MaxHeapSize                              = 4271898624                                {product} {ergonomic}
   size_t MaxNewSize                               = 2562719744                                {product} {ergonomic}
   size_t MinHeapDeltaBytes                        = 2097152                                   {product} {ergonomic}
   size_t MinHeapSize                              = 8388608                                   {product} {ergonomic}
    uintx NonNMethodCodeHeapSize                   = 5832780                                {pd product} {ergonomic}
    uintx NonProfiledCodeHeapSize                  = 122912730                              {pd product} {ergonomic}
    uintx ProfiledCodeHeapSize                     = 122912730                              {pd product} {ergonomic}
    uintx ReservedCodeCacheSize                    = 251658240                              {pd product} {ergonomic}
     bool SegmentedCodeCache                       = true                                      {product} {ergonomic}
   size_t SoftMaxHeapSize                          = 4271898624                             {manageable} {ergonomic}
     bool UseCompressedClassPointers               = true                           {product lp64_product} {ergonomic}
     bool UseCompressedOops                        = true                           {product lp64_product} {ergonomic}
     bool UseG1GC                                  = true                                      {product} {ergonomic}
     bool UseLargePagesIndividualAllocation        = false                                  {pd product} {ergonomic}

Logging:
Log output configuration:
 #0: stdout all=warning uptime,level,tags
 #1: stderr all=off uptime,level,tags

Environment Variables:
JAVA_HOME=C:\jdk-11
PATH=C:\WINDOWS\system32;C:\WINDOWS;C:\WINDOWS\System32\Wbem;C:\WINDOWS\System32\WindowsPowerShell\v1.0\;C:\WINDOWS\System32\OpenSSH\;C:\jdk-11\bin;C:\Program Files\Git\cmd;C:\Users\Alumno\AppData\Local\Programs\Python\Python311\Scripts\;C:\Users\Alumno\AppData\Local\Programs\Python\Python311\;C:\Users\Alumno\AppData\Local\Microsoft\WindowsApps;C:\Program Files\JetBrains\IntelliJ IDEA Community Edition 2024.1\bin;;C:\Users\Alumno\AppData\Local\Programs\Microsoft VS Code\bin;C:\jdk-11\bin;
USERNAME=Alumno
OS=Windows_NT
PROCESSOR_IDENTIFIER=Intel64 Family 6 Model 60 Stepping 3, GenuineIntel



---------------  S Y S T E M  ---------------

OS:
 Windows 10 , 64 bit Build 19041 (10.0.19041.5072)
OS uptime: 26 days 18:37 hours

CPU: total 4 (initial active 4) (4 cores per cpu, 1 threads per core) family 6 model 60 stepping 3 microcode 0x27, cx8, cmov, fxsr, mmx, sse, sse2, sse3, ssse3, sse4.1, sse4.2, popcnt, lzcnt, tsc, tscinvbit, avx, avx2, aes, erms, clmul, bmi1, bmi2, fma, vzeroupper, clflush

Memory: 4k page, system-wide physical 16289M (7612M free)
TotalPageFile size 19033M (AvailPageFile size 5149M)
current process WorkingSet (physical memory assigned to process): 182M, peak: 182M
current process commit charge ("private bytes"): 215M, peak: 391M

vm_info: OpenJDK 64-Bit Server VM (17.0.2+8-86) for windows-amd64 JRE (17.0.2+8-86), built on Dec  7 2021 21:49:10 by "mach5one" with MS VC++ 16.8 / 16.9 (VS2019)

END.
